{"name": "test_add_member", "status": "broken", "statusDetails": {"message": "selenium.common.exceptions.WebDriverException: Message: chrome not reachable\n  (Session info: chrome=101.0.4951.54)\nStacktrace:\nBacktrace:\n\tOrdinal0 [0x0045B8F3+2406643]\n\tOrdinal0 [0x003EAF31+1945393]\n\tOrdinal0 [0x002DC610+837136]\n\tOrdinal0 [0x002D0442+787522]\n\tOrdinal0 [0x002D0C78+789624]\n\tOrdinal0 [0x002D24B2+795826]\n\tOrdinal0 [0x002CBF09+769801]\n\tOrdinal0 [0x002DDAC0+842432]\n\tOrdinal0 [0x00333E62+1195618]\n\tOrdinal0 [0x00324096+1130646]\n\tOrdinal0 [0x002FE636+976438]\n\tOrdinal0 [0x002FF546+980294]\n\tGetHandleVerifier [0x006C9612+2498066]\n\tGetHandleVerifier [0x006BC920+2445600]\n\tGetHandleVerifier [0x004F4F2A+579370]\n\tGetHandleVerifier [0x004F3D36+574774]\n\tOrdinal0 [0x003F1C0B+1973259]\n\tOrdinal0 [0x003F6688+1992328]\n\tOrdinal0 [0x003F6775+1992565]\n\tOrdinal0 [0x003FF8D1+2029777]\n\tBaseThreadInitThunk [0x75BDFA29+25]\n\tRtlGetAppContainerNamedObjectPath [0x77B47A7E+286]\n\tRtlGetAppContainerNamedObjectPath [0x77B47A4E+238]", "trace": "self = <web.wechat_homework.test_case.test_contact.TestAddmeber object at 0x00000230098A4C40>\n\n    def test_add_member(self):\n        # 1、点击通讯录\n        self.driver.find_element(By.ID,\"menu_contacts\")\n        # 2、点击添加成员按钮\n>       self.driver.get(\"https://work.weixin.qq.com/wework_admin/frame\")\n\ntest_contact.py:45: \n_ _ _ _ _ _ _ _ _ _ _ _ _ _ _ _ _ _ _ _ _ _ _ _ _ _ _ _ _ _ _ _ _ _ _ _ _ _ _ _\nD:\\program files\\Pyten\\lib\\site-packages\\selenium\\webdriver\\remote\\webdriver.py:442: in get\n    self.execute(Command.GET, {'url': url})\nD:\\program files\\Pyten\\lib\\site-packages\\selenium\\webdriver\\remote\\webdriver.py:430: in execute\n    self.error_handler.check_response(response)\n_ _ _ _ _ _ _ _ _ _ _ _ _ _ _ _ _ _ _ _ _ _ _ _ _ _ _ _ _ _ _ _ _ _ _ _ _ _ _ _\n\nself = <selenium.webdriver.remote.errorhandler.ErrorHandler object at 0x00000230098C9BA0>\nresponse = {'status': 500, 'value': '{\"value\":{\"error\":\"chrome not reachable\",\"message\":\"chrome not reachable\\\\n  (Session info: ...\\n\\\\tRtlGetAppContainerNamedObjectPath [0x77B47A7E+286]\\\\n\\\\tRtlGetAppContainerNamedObjectPath [0x77B47A4E+238]\\\\n\"}}'}\n\n    def check_response(self, response: Dict[str, Any]) -> None:\n        \"\"\"\n        Checks that a JSON response from the WebDriver does not have an error.\n    \n        :Args:\n         - response - The JSON response from the WebDriver server as a dictionary\n           object.\n    \n        :Raises: If the response contains an error message.\n        \"\"\"\n        status = response.get('status', None)\n        if not status or status == ErrorCode.SUCCESS:\n            return\n        value = None\n        message = response.get(\"message\", \"\")\n        screen: str = response.get(\"screen\", \"\")\n        stacktrace = None\n        if isinstance(status, int):\n            value_json = response.get('value', None)\n            if value_json and isinstance(value_json, str):\n                import json\n                try:\n                    value = json.loads(value_json)\n                    if len(value.keys()) == 1:\n                        value = value['value']\n                    status = value.get('error', None)\n                    if not status:\n                        status = value.get(\"status\", ErrorCode.UNKNOWN_ERROR)\n                        message = value.get(\"value\") or value.get(\"message\")\n                        if not isinstance(message, str):\n                            value = message\n                            message = message.get('message')\n                    else:\n                        message = value.get('message', None)\n                except ValueError:\n                    pass\n    \n        exception_class: Type[WebDriverException]\n        if status in ErrorCode.NO_SUCH_ELEMENT:\n            exception_class = NoSuchElementException\n        elif status in ErrorCode.NO_SUCH_FRAME:\n            exception_class = NoSuchFrameException\n        elif status in ErrorCode.NO_SUCH_SHADOW_ROOT:\n            exception_class = NoSuchShadowRootException\n        elif status in ErrorCode.NO_SUCH_WINDOW:\n            exception_class = NoSuchWindowException\n        elif status in ErrorCode.STALE_ELEMENT_REFERENCE:\n            exception_class = StaleElementReferenceException\n        elif status in ErrorCode.ELEMENT_NOT_VISIBLE:\n            exception_class = ElementNotVisibleException\n        elif status in ErrorCode.INVALID_ELEMENT_STATE:\n            exception_class = InvalidElementStateException\n        elif status in ErrorCode.INVALID_SELECTOR \\\n                or status in ErrorCode.INVALID_XPATH_SELECTOR \\\n                or status in ErrorCode.INVALID_XPATH_SELECTOR_RETURN_TYPER:\n            exception_class = InvalidSelectorException\n        elif status in ErrorCode.ELEMENT_IS_NOT_SELECTABLE:\n            exception_class = ElementNotSelectableException\n        elif status in ErrorCode.ELEMENT_NOT_INTERACTABLE:\n            exception_class = ElementNotInteractableException\n        elif status in ErrorCode.INVALID_COOKIE_DOMAIN:\n            exception_class = InvalidCookieDomainException\n        elif status in ErrorCode.UNABLE_TO_SET_COOKIE:\n            exception_class = UnableToSetCookieException\n        elif status in ErrorCode.TIMEOUT:\n            exception_class = TimeoutException\n        elif status in ErrorCode.SCRIPT_TIMEOUT:\n            exception_class = TimeoutException\n        elif status in ErrorCode.UNKNOWN_ERROR:\n            exception_class = WebDriverException\n        elif status in ErrorCode.UNEXPECTED_ALERT_OPEN:\n            exception_class = UnexpectedAlertPresentException\n        elif status in ErrorCode.NO_ALERT_OPEN:\n            exception_class = NoAlertPresentException\n        elif status in ErrorCode.IME_NOT_AVAILABLE:\n            exception_class = ImeNotAvailableException\n        elif status in ErrorCode.IME_ENGINE_ACTIVATION_FAILED:\n            exception_class = ImeActivationFailedException\n        elif status in ErrorCode.MOVE_TARGET_OUT_OF_BOUNDS:\n            exception_class = MoveTargetOutOfBoundsException\n        elif status in ErrorCode.JAVASCRIPT_ERROR:\n            exception_class = JavascriptException\n        elif status in ErrorCode.SESSION_NOT_CREATED:\n            exception_class = SessionNotCreatedException\n        elif status in ErrorCode.INVALID_ARGUMENT:\n            exception_class = InvalidArgumentException\n        elif status in ErrorCode.NO_SUCH_COOKIE:\n            exception_class = NoSuchCookieException\n        elif status in ErrorCode.UNABLE_TO_CAPTURE_SCREEN:\n            exception_class = ScreenshotException\n        elif status in ErrorCode.ELEMENT_CLICK_INTERCEPTED:\n            exception_class = ElementClickInterceptedException\n        elif status in ErrorCode.INSECURE_CERTIFICATE:\n            exception_class = InsecureCertificateException\n        elif status in ErrorCode.INVALID_COORDINATES:\n            exception_class = InvalidCoordinatesException\n        elif status in ErrorCode.INVALID_SESSION_ID:\n            exception_class = InvalidSessionIdException\n        elif status in ErrorCode.UNKNOWN_METHOD:\n            exception_class = UnknownMethodException\n        else:\n            exception_class = WebDriverException\n        if not value:\n            value = response['value']\n        if isinstance(value, str):\n            raise exception_class(value)\n        if message == \"\" and 'message' in value:\n            message = value['message']\n    \n        screen = None  # type: ignore[assignment]\n        if 'screen' in value:\n            screen = value['screen']\n    \n        stacktrace = None\n        st_value = value.get('stackTrace') or value.get('stacktrace')\n        if st_value:\n            if isinstance(st_value, str):\n                stacktrace = st_value.split('\\n')\n            else:\n                stacktrace = []\n                try:\n                    for frame in st_value:\n                        line = self._value_or_default(frame, 'lineNumber', '')\n                        file = self._value_or_default(frame, 'fileName', '<anonymous>')\n                        if line:\n                            file = \"%s:%s\" % (file, line)\n                        meth = self._value_or_default(frame, 'methodName', '<anonymous>')\n                        if 'className' in frame:\n                            meth = \"%s.%s\" % (frame['className'], meth)\n                        msg = \"    at %s (%s)\"\n                        msg = msg % (meth, file)\n                        stacktrace.append(msg)\n                except TypeError:\n                    pass\n        if exception_class == UnexpectedAlertPresentException:\n            alert_text = None\n            if 'data' in value:\n                alert_text = value['data'].get('text')\n            elif 'alert' in value:\n                alert_text = value['alert'].get('text')\n            raise exception_class(message, screen, stacktrace, alert_text)  # type: ignore[call-arg]  # mypy is not smart enough here\n>       raise exception_class(message, screen, stacktrace)\nE       selenium.common.exceptions.WebDriverException: Message: chrome not reachable\nE         (Session info: chrome=101.0.4951.54)\nE       Stacktrace:\nE       Backtrace:\nE       \tOrdinal0 [0x0045B8F3+2406643]\nE       \tOrdinal0 [0x003EAF31+1945393]\nE       \tOrdinal0 [0x002DC610+837136]\nE       \tOrdinal0 [0x002D0442+787522]\nE       \tOrdinal0 [0x002D0C78+789624]\nE       \tOrdinal0 [0x002D24B2+795826]\nE       \tOrdinal0 [0x002CBF09+769801]\nE       \tOrdinal0 [0x002DDAC0+842432]\nE       \tOrdinal0 [0x00333E62+1195618]\nE       \tOrdinal0 [0x00324096+1130646]\nE       \tOrdinal0 [0x002FE636+976438]\nE       \tOrdinal0 [0x002FF546+980294]\nE       \tGetHandleVerifier [0x006C9612+2498066]\nE       \tGetHandleVerifier [0x006BC920+2445600]\nE       \tGetHandleVerifier [0x004F4F2A+579370]\nE       \tGetHandleVerifier [0x004F3D36+574774]\nE       \tOrdinal0 [0x003F1C0B+1973259]\nE       \tOrdinal0 [0x003F6688+1992328]\nE       \tOrdinal0 [0x003F6775+1992565]\nE       \tOrdinal0 [0x003FF8D1+2029777]\nE       \tBaseThreadInitThunk [0x75BDFA29+25]\nE       \tRtlGetAppContainerNamedObjectPath [0x77B47A7E+286]\nE       \tRtlGetAppContainerNamedObjectPath [0x77B47A4E+238]\n\nD:\\program files\\Pyten\\lib\\site-packages\\selenium\\webdriver\\remote\\errorhandler.py:247: WebDriverException"}, "start": 1652595597239, "stop": 1652595615604, "uuid": "82b1741b-49a0-4d68-bc70-c2ce0eb3fde5", "historyId": "83dfd991935ac34e279d01fedb45a397", "testCaseId": "ab85d1947cbafc063c8943ac1a024074", "fullName": "web.wechat_homework.test_case.test_contact.TestAddmeber#test_add_member", "labels": [{"name": "parentSuite", "value": "web.wechat_homework.test_case"}, {"name": "suite", "value": "test_contact"}, {"name": "subSuite", "value": "TestAddmeber"}, {"name": "host", "value": "PS2019UJXCXEKC"}, {"name": "thread", "value": "11648-MainThread"}, {"name": "framework", "value": "pytest"}, {"name": "language", "value": "cpython3"}, {"name": "package", "value": "web.wechat_homework.test_case.test_contact"}]}